Listing mdarray.c...

#include <stdio.h>
#include <stdlib.h>
#include "mdarray.h"


mdarray newmdarray(int dimct, int *dim)
	{
	mdarray m;
	int i;
	int elements = 1;


	m.dimct = dimct;
	m.dim = malloc(dimct * sizeof(int));
	for(i = 0; i < dimct; i++)
		{
		m.dim[i] = dim[i];
		elements = elements * dim[i];
		}
	m.val = malloc(elements * sizeof(double));

	return m;
	}

void delmdarray(mdarray m)
	{
	free (m.dim);
	free (m.val);
	}

double getEl(mdarray m, int *posn)
	{
	int count = 0;
	int mult = 1;
	int i;

	for(i = m.dimct-1; i >= 0; i--)
		{
		count += mult*posn[i];
		mult = mult*m.dim[i];
		}

	return m.val[count];
	}

void setEl(mdarray m, int *posn, double d)
	{
	int count = 0;
	int mult = 1;
	int i;

	/*hey this is easier...*/
	for(i = m.dimct-1; i >= 0; i--)
		{
		count += mult*posn[i];
		mult = mult*m.dim[i];
		}

	/*for(i = 2; i <= m.dimct; i++)
		{
		mult = posn[m.dimct - i];
		for(j = 1; j < i; j++)
			{
				mult = mult*m.dim[m.dimct-j];

			}
			count += mult;
		}
	count += posn[m.dimct-1];
	m.val[count] = d;*/
	m.val[count] = d;
	}


Listing mdarray.h...

#include <stdio.h>
#include <stdlib.h>

typedef struct mdarray
	{
	int dimct;
	int *dim;
	double *val;
	} mdarray;






Listing testmain.c...

#include <stdlib.h>
#include <stdio.h>
#include "mdarray.h"

extern mdarray newmdarray(int dimct, int *dim);
extern void delmdarray(mdarray m);
extern double getEl(mdarray m, int *posn);
extern void setEl(mdarray m, int *posn, double d);

int main()
	{
	mdarray y;
	int *dim = malloc(5 * sizeof(int));
	int *posn = malloc(5 * sizeof(int));
	double answer = 0;

	dim[0]=4;
	dim[1]=5;
	dim[2]=3;
	dim[3]=6;
	dim[4]=7;
	posn[0]=2;
	posn[1]=3;
	posn[2]=1;
	posn[3]=4;
	posn[4]=5;
	y = newmdarray(5, dim);
	setEl(y, posn, 3.14159);
	answer = getEl(y, posn);
	printf("Got and retrieved the value %f\n", answer);
	delmdarray(y);
	return 0;
	}



Compiling ...

mdarray.c:7: warning: no previous prototype for `newmdarray'
mdarray.c:26: warning: no previous prototype for `delmdarray'
mdarray.c:32: warning: no previous prototype for `getEl'
mdarray.c:47: warning: no previous prototype for `setEl'


Executing...

0.000000	1.000000	4.000000	9.000000	16.000000
25.000000	36.000000	49.000000	64.000000	81.000000
100.000000	121.000000	144.000000	169.000000	196.000000
64980

No comments.
Compilation Warnings.
But everything works!

44/50.

Resubmit without penalty.
