Happy birthday euclid.
Statistics: 
Database Empty, could not print.

Successfully added Kingston, David W..

Successfully deleted Kingston, David W..

Statistics: 
Database Empty, could not print.

Successfully added Kingston, David W..

Successfully added Desjardins, Patricia L..

Successfully added Slotterback, Floyd H..

Successfully added Rousseau, Stephanie A..

Successfully added Devine, Bonnie E..

Successfully added Fjeldheim, Sten J..

Successfully added Graves, Brent, The Biology Guy.

Could not add Graves, Brent, The Biology Guy. Name already exists.

Could not add Kingston, David W.. Name already exists.

Could not add Devine, Bonnie E.. Name already exists.

Statistics: 
Desjardins, Patricia L. : 0 , 0 , 0 , 0 , 0
Devine, Bonnie E. : 0 , 0 , 0 , 0 , 0
Fjeldheim, Sten J. : 0 , 0 , 0 , 0 , 0
Graves, Brent, The Biology Guy : 0 , 0 , 0 , 0 , 0
Kingston, David W. : 0 , 0 , 0 , 0 , 0
Rousseau, Stephanie A. : 0 , 0 , 0 , 0 , 0
Slotterback, Floyd H. : 0 , 0 , 0 , 0 , 0

Could not get mean for test 1, no nonzero grades in database.

Could not get mean for test 2, no nonzero grades in database.

Could not get mean for test 3, no nonzero grades in database.

Could not get mean for test 4, no nonzero grades in database.

Could not get mean for test 5, no nonzero grades in database.

Successfully deleted Fjeldheim, Sten J..

Could not delete Fjeldheim, Sten J., no match in database.

Successfully added Fjeldheim, Sten J..

Successfully deleted Fjeldheim, Sten J..

Statistics: 
Desjardins, Patricia L. : 0 , 0 , 0 , 0 , 0
Devine, Bonnie E. : 0 , 0 , 0 , 0 , 0
Graves, Brent, The Biology Guy : 0 , 0 , 0 , 0 , 0
Kingston, David W. : 0 , 0 , 0 , 0 , 0
Rousseau, Stephanie A. : 0 , 0 , 0 , 0 , 0
Slotterback, Floyd H. : 0 , 0 , 0 , 0 , 0

Set Devine, Bonnie E.'s grade on test 1 to 83.

Could not grade Fjeldheim, Sten J., no match in database.

Set Slotterback, Floyd H.'s grade on test 1 to 100.

Set Desjardins, Patricia L.'s grade on test 1 to 23.

Set Devine, Bonnie E.'s grade on test 1 to 88.

Statistics: 
Desjardins, Patricia L. : 23 , 0 , 0 , 0 , 0
Devine, Bonnie E. : 88 , 0 , 0 , 0 , 0
Graves, Brent, The Biology Guy : 0 , 0 , 0 , 0 , 0
Kingston, David W. : 0 , 0 , 0 , 0 , 0
Rousseau, Stephanie A. : 0 , 0 , 0 , 0 , 0
Slotterback, Floyd H. : 100 , 0 , 0 , 0 , 0

The mean on test 1 is 70.3333

Could not grade Devine Bonnie E, no match in database.

Could not get mean for test 4, no nonzero grades in database.

Set Kingston, David W.'s grade on test 4 to 100.

The mean on test 4 is 100

Could not grade Kingston, David W., test number out of range

The mean on test 4 is 100

Could not grade Kingston, David W., test number out of range

Could not grade Kingston, David W., test number out of range

Could not get mean for test 0, test number out of range.

Could not get mean for test 6, test number out of range.

Statistics: 
Desjardins, Patricia L. : 23 , 0 , 0 , 0 , 0
Devine, Bonnie E. : 88 , 0 , 0 , 0 , 0
Graves, Brent, The Biology Guy : 0 , 0 , 0 , 0 , 0
Kingston, David W. : 0 , 0 , 0 , 100 , 0
Rousseau, Stephanie A. : 0 , 0 , 0 , 0 , 0
Slotterback, Floyd H. : 100 , 0 , 0 , 0 , 0

Successfully added Appleton, Randy.

Successfully added Horn, Jeff.

Successfully added Poe, Andy.

Statistics: 
Appleton, Randy : 0 , 0 , 0 , 0 , 0
Desjardins, Patricia L. : 23 , 0 , 0 , 0 , 0
Devine, Bonnie E. : 88 , 0 , 0 , 0 , 0
Graves, Brent, The Biology Guy : 0 , 0 , 0 , 0 , 0
Horn, Jeff : 0 , 0 , 0 , 0 , 0
Kingston, David W. : 0 , 0 , 0 , 100 , 0
Poe, Andy : 0 , 0 , 0 , 0 , 0
Rousseau, Stephanie A. : 0 , 0 , 0 , 0 , 0
Slotterback, Floyd H. : 100 , 0 , 0 , 0 , 0

Successfully deleted Devine, Bonnie E..

Successfully deleted Appleton, Randy.

Successfully deleted Slotterback, Floyd H..

The mean on test 1 is 23

Statistics: 
Desjardins, Patricia L. : 23 , 0 , 0 , 0 , 0
Graves, Brent, The Biology Guy : 0 , 0 , 0 , 0 , 0
Horn, Jeff : 0 , 0 , 0 , 0 , 0
Kingston, David W. : 0 , 0 , 0 , 100 , 0
Poe, Andy : 0 , 0 , 0 , 0 , 0
Rousseau, Stephanie A. : 0 , 0 , 0 , 0 , 0

Successfully added KJQKE.

Successfully added MEAEE.

Successfully added SBGMV.

Successfully added UGZCF.

Successfully added ALVKM.

Successfully added IASYH.

Successfully added QLTSW.

Successfully added LAACW.

Successfully added GPAJS.

Successfully added NRLYS.

Successfully added KRBVJ.

Successfully added JZRPW.

Successfully added STMVF.

Successfully added MMOXV.

Successfully added QFINB.

Successfully added ENDDV.

Successfully added VTZTF.

Successfully added PVGZG.

Successfully added WGOZH.

Successfully added MEFSC.

Successfully added FULLU.

Successfully added FHXFP.

Successfully added LKAOI.

Successfully added FXHRE.

Successfully added HGXMY.

Successfully added SVZRU.

Successfully added TPNDA.

Successfully added EXNVT.

Successfully added XIPXV.

Successfully added PDFXH.

Successfully added ZGRKV.

Successfully added DWQYQ.

Successfully added RMBBT.

Successfully added NXLHQ.

Successfully added SMAAY.

Successfully added YGRYB.

Successfully added PKKGI.

Successfully added BXVTQ.

Successfully added CHFZF.

Successfully added SFMAX.

Successfully added DINFX.

Successfully added NJZOX.

Successfully added PMQKY.

Successfully added UXWAZ.

Successfully added RJVLA.

Successfully added YRJKQ.

Successfully added CJOEG.

Successfully added KBSKU.

Successfully added DCFUC.

Successfully added NKHZU.

Successfully added UUDZP.

Successfully added KXMWQ.

Successfully added FOOUU.

Successfully added ZPTIW.

Successfully added EVACK.

Successfully added FUMDP.

Successfully added OXAJP.

Successfully added DRWYU.

Successfully added TATTE.

Successfully added XJOXW.

Successfully added CGEMR.

Successfully added GWZDM.

Successfully added LMSNG.

Successfully added PNSMZ.

Successfully added SCTCV.

Successfully added PGHMC.

Successfully added RIEQB.

Successfully added FMPBC.

Successfully added HGRTM.

Successfully added DDYHW.

Successfully added DJCOD.

Successfully added HMZJQ.

Successfully added EELZX.

Successfully added EZYMP.

Successfully added OIZOO.

Successfully added MAKDU.

Successfully added EOHSO.

Successfully added TJACS.

Successfully added ZWNJA.

Successfully added FUHOI.

Successfully added SEVVC.

Successfully added AMRUZ.

Successfully added TWCUU.

Successfully added DGJWB.

Successfully added PZPVE.

Successfully added HDZYV.

Successfully added JUXVY.

Successfully added BKVTS.

Successfully added ZJLXT.

Successfully added OXNSI.

Successfully added WYLDB.

Successfully added PNZNY.

Successfully added GJSLY.

Successfully added JFMQU.

Successfully added QXGJX.

Successfully added YHTXD.

Successfully added FEQFX.

Successfully added AOGFS.

Successfully added JFVPX.

Successfully added HMDHU.

Successfully deleted LMSNG.

Successfully deleted NJZOX.

Successfully deleted ZPTIW.

Successfully deleted ZGRKV.

Successfully deleted LAACW.

Successfully deleted UUDZP.

Successfully deleted FXHRE.

Successfully deleted NRLYS.

Successfully deleted ZWNJA.

Successfully deleted ALVKM.

Successfully deleted EOHSO.

Successfully deleted QXGJX.

Successfully deleted MEAEE.

Successfully deleted TJACS.

Successfully deleted BXVTQ.

Successfully deleted KRBVJ.

Successfully deleted NKHZU.

Successfully deleted TWCUU.

Successfully deleted BKVTS.

Successfully deleted RIEQB.

Successfully deleted PGHMC.

Successfully deleted JZRPW.

Successfully deleted FOOUU.

Successfully deleted DINFX.

Successfully deleted UXWAZ.

Successfully deleted SEVVC.

Successfully deleted SMAAY.

Successfully deleted PNZNY.

Successfully deleted PKKGI.

Successfully deleted FHXFP.

Successfully deleted QLTSW.

Successfully deleted WYLDB.

Successfully deleted SCTCV.

Successfully deleted HDZYV.

Successfully deleted ZJLXT.

Successfully deleted RJVLA.

Successfully deleted NXLHQ.

Successfully deleted EVACK.

Successfully deleted OXNSI.

Successfully deleted KJQKE.

Successfully deleted YRJKQ.

Successfully deleted FUHOI.

Successfully deleted EELZX.

Successfully deleted GJSLY.

Successfully deleted ENDDV.

Successfully deleted EZYMP.

Successfully deleted OIZOO.

Successfully deleted KXMWQ.

Successfully deleted SVZRU.

Successfully deleted PZPVE.

Successfully deleted HMZJQ.

Successfully deleted KBSKU.

Successfully deleted DWQYQ.

Successfully deleted DCFUC.

Successfully deleted YGRYB.

Successfully deleted TATTE.

Successfully deleted PDFXH.

Successfully deleted CHFZF.

Successfully deleted MMOXV.

Successfully deleted JUXVY.

Successfully deleted CGEMR.

Successfully deleted MEFSC.

Successfully deleted MAKDU.

Successfully deleted STMVF.

Successfully deleted JFVPX.

Successfully deleted JFMQU.

Successfully deleted OXAJP.

Successfully deleted FEQFX.

Successfully deleted DRWYU.

Successfully deleted SBGMV.

Successfully deleted XIPXV.

Successfully deleted DJCOD.

Successfully deleted UGZCF.

Successfully deleted IASYH.

Successfully deleted PNSMZ.

Successfully deleted SFMAX.

Successfully deleted LKAOI.

Successfully deleted CJOEG.

Successfully deleted HGXMY.

Successfully deleted TPNDA.

Successfully deleted AMRUZ.

Successfully deleted YHTXD.

Successfully deleted GPAJS.

Successfully deleted VTZTF.

Successfully deleted QFINB.

Successfully deleted DDYHW.

Successfully deleted FUMDP.

Successfully deleted FULLU.

Successfully deleted AOGFS.

Successfully deleted FMPBC.

Successfully deleted GWZDM.

Successfully deleted WGOZH.

Successfully deleted HMDHU.

Successfully deleted EXNVT.

Successfully deleted PVGZG.

Successfully deleted HGRTM.

Successfully deleted RMBBT.

Successfully deleted XJOXW.

Successfully deleted PMQKY.

Successfully deleted DGJWB.

Statistics: 
Desjardins, Patricia L. : 23 , 0 , 0 , 0 , 0
Graves, Brent, The Biology Guy : 0 , 0 , 0 , 0 , 0
Horn, Jeff : 0 , 0 , 0 , 0 , 0
Kingston, David W. : 0 , 0 , 0 , 100 , 0
Poe, Andy : 0 , 0 , 0 , 0 , 0
Rousseau, Stephanie A. : 0 , 0 , 0 , 0 , 0

Bye, thanks for using.

Fortify: Statistics at fmain.c.19
         Memory currently allocated: 0 bytes in 0 blocks
         Maximum memory allocated at one time: 6360 bytes in 106 blocks
         There have been 112 allocations and 112 deallocations
         There was a total of 6720 bytes allocated
         The average allocation was 60 bytes
